Started GET "/" for ::1 at 2021-07-26 17:13:45 +0530
  [1m[35m (3.5ms)[0m  [1m[34mSELECT sqlite_version(*)[0m
  
ActionController::RoutingError (uninitialized constant HomesController):
  
Started GET "/" for ::1 at 2021-07-26 17:15:35 +0530
  [1m[35m (1.6ms)[0m  [1m[34mSELECT sqlite_version(*)[0m
Processing by HomesController#index as HTML
  Rendering layout layouts/application.html.erb
  Rendering homes/index.html.erb within layouts/application
  Rendered homes/index.html.erb within layouts/application (Duration: 2.3ms | Allocations: 359)
[Webpacker] Compiling...
[Webpacker] Compiled all packs in /home/nitesh/personal/login/Auth/public/packs
[Webpacker] Though the "loose" option was set to "false" in your @babel/preset-env config, it will not be used for @babel/plugin-proposal-private-methods since the "loose" mode option was set to "true" for @babel/plugin-proposal-class-properties.
The "loose" option must be the same for @babel/plugin-proposal-class-properties, @babel/plugin-proposal-private-methods and @babel/plugin-proposal-private-property-in-object (when they are enabled): you can silence this warning by explicitly adding
	["@babel/plugin-proposal-private-methods", { "loose": true }]
to the "plugins" section of your Babel config.
Though the "loose" option was set to "false" in your @babel/preset-env config, it will not be used for @babel/plugin-proposal-private-methods since the "loose" mode option was set to "true" for @babel/plugin-proposal-class-properties.
The "loose" option must be the same for @babel/plugin-proposal-class-properties, @babel/plugin-proposal-private-methods and @babel/plugin-proposal-private-property-in-object (when they are enabled): you can silence this warning by explicitly adding
	["@babel/plugin-proposal-private-methods", { "loose": true }]
to the "plugins" section of your Babel config.
Though the "loose" option was set to "false" in your @babel/preset-env config, it will not be used for @babel/plugin-proposal-private-methods since the "loose" mode option was set to "true" for @babel/plugin-proposal-class-properties.
The "loose" option must be the same for @babel/plugin-proposal-class-properties, @babel/plugin-proposal-private-methods and @babel/plugin-proposal-private-property-in-object (when they are enabled): you can silence this warning by explicitly adding
	["@babel/plugin-proposal-private-methods", { "loose": true }]
to the "plugins" section of your Babel config.
Though the "loose" option was set to "false" in your @babel/preset-env config, it will not be used for @babel/plugin-proposal-private-methods since the "loose" mode option was set to "true" for @babel/plugin-proposal-class-properties.
The "loose" option must be the same for @babel/plugin-proposal-class-properties, @babel/plugin-proposal-private-methods and @babel/plugin-proposal-private-property-in-object (when they are enabled): you can silence this warning by explicitly adding
	["@babel/plugin-proposal-private-methods", { "loose": true }]
to the "plugins" section of your Babel config.
Though the "loose" option was set to "false" in your @babel/preset-env config, it will not be used for @babel/plugin-proposal-private-methods since the "loose" mode option was set to "true" for @babel/plugin-proposal-class-properties.
The "loose" option must be the same for @babel/plugin-proposal-class-properties, @babel/plugin-proposal-private-methods and @babel/plugin-proposal-private-property-in-object (when they are enabled): you can silence this warning by explicitly adding
	["@babel/plugin-proposal-private-methods", { "loose": true }]
to the "plugins" section of your Babel config.
Though the "loose" option was set to "false" in your @babel/preset-env config, it will not be used for @babel/plugin-proposal-private-methods since the "loose" mode option was set to "true" for @babel/plugin-proposal-class-properties.
The "loose" option must be the same for @babel/plugin-proposal-class-properties, @babel/plugin-proposal-private-methods and @babel/plugin-proposal-private-property-in-object (when they are enabled): you can silence this warning by explicitly adding
	["@babel/plugin-proposal-private-methods", { "loose": true }]
to the "plugins" section of your Babel config.

[Webpacker] Hash: e2a8a876c5815bee1e21
Version: webpack 4.46.0
Time: 6267ms
Built at: 07/26/2021 5:15:46 PM
                                     Asset       Size       Chunks                         Chunk Names
    js/application-e421b4aa3f716bebdab1.js    125 KiB  application  [emitted] [immutable]  application
js/application-e421b4aa3f716bebdab1.js.map    139 KiB  application  [emitted] [dev]        application
                             manifest.json  364 bytes               [emitted]              
Entrypoint application = js/application-e421b4aa3f716bebdab1.js js/application-e421b4aa3f716bebdab1.js.map
[./app/javascript/channels sync recursive _channel\.js$] ./app/javascript/channels sync _channel\.js$ 160 bytes {application} [built]
[./app/javascript/channels/index.js] 211 bytes {application} [built]
[./app/javascript/packs/application.js] 492 bytes {application} [built]
[./node_modules/webpack/buildin/module.js] (webpack)/buildin/module.js 552 bytes {application} [built]
    + 3 hidden modules

  Rendered layout layouts/application.html.erb (Duration: 10260.7ms | Allocations: 14963)
Completed 200 OK in 10294ms (Views: 10268.3ms | ActiveRecord: 0.0ms | Allocations: 19015)


  [1m[35m (1.1ms)[0m  [1m[34mSELECT sqlite_version(*)[0m
  [1m[35m (91.3ms)[0m  [1m[35mCREATE TABLE "schema_migrations" ("version" varchar NOT NULL PRIMARY KEY)[0m
  [1m[35m (683.6ms)[0m  [1m[35mCREATE TABLE "ar_internal_metadata" ("key" varchar NOT NULL PRIMARY KEY, "value" varchar, "created_at" datetime(6) NOT NULL, "updated_at" datetime(6) NOT NULL)[0m
  [1m[35m (5.6ms)[0m  [1m[34mSELECT "schema_migrations"."version" FROM "schema_migrations" ORDER BY "schema_migrations"."version" ASC[0m
Migrating to DeviseCreateAdmins (20210726114702)
  [1m[36mTRANSACTION (0.1ms)[0m  [1m[36mbegin transaction[0m
  [1m[35m (5.8ms)[0m  [1m[35mCREATE TABLE "admins" ("id" integer PRIMARY KEY AUTOINCREMENT NOT NULL, "email" varchar DEFAULT '' NOT NULL, "encrypted_password" varchar DEFAULT '' NOT NULL, "reset_password_token" varchar, "reset_password_sent_at" datetime, "remember_created_at" datetime, "created_at" datetime(6) NOT NULL, "updated_at" datetime(6) NOT NULL)[0m
  [1m[35m (0.9ms)[0m  [1m[35mCREATE UNIQUE INDEX "index_admins_on_email" ON "admins" ("email")[0m
  [1m[35m (0.4ms)[0m  [1m[35mCREATE UNIQUE INDEX "index_admins_on_reset_password_token" ON "admins" ("reset_password_token")[0m
  [1m[36mActiveRecord::SchemaMigration Create (5.8ms)[0m  [1m[32mINSERT INTO "schema_migrations" ("version") VALUES (?)[0m  [["version", "20210726114702"]]
  [1m[36mTRANSACTION (125.6ms)[0m  [1m[36mcommit transaction[0m
  [1m[36mActiveRecord::InternalMetadata Load (0.4ms)[0m  [1m[34mSELECT "ar_internal_metadata".* FROM "ar_internal_metadata" WHERE "ar_internal_metadata"."key" = ? LIMIT ?[0m  [["key", "environment"], ["LIMIT", 1]]
  [1m[36mTRANSACTION (0.1ms)[0m  [1m[36mbegin transaction[0m
  [1m[36mActiveRecord::InternalMetadata Create (9.0ms)[0m  [1m[32mINSERT INTO "ar_internal_metadata" ("key", "value", "created_at", "updated_at") VALUES (?, ?, ?, ?)[0m  [["key", "environment"], ["value", "development"], ["created_at", "2021-07-26 11:47:46.930582"], ["updated_at", "2021-07-26 11:47:46.930582"]]
  [1m[36mTRANSACTION (108.8ms)[0m  [1m[36mcommit transaction[0m
  [1m[35m (0.2ms)[0m  [1m[34mSELECT sqlite_version(*)[0m
  [1m[35m (0.3ms)[0m  [1m[34mSELECT "schema_migrations"."version" FROM "schema_migrations" ORDER BY "schema_migrations"."version" ASC[0m
Started GET "/" for ::1 at 2021-07-26 17:18:24 +0530
  [1m[35m (1.4ms)[0m  [1m[34mSELECT sqlite_version(*)[0m
  [1m[35m (0.4ms)[0m  [1m[34mSELECT "schema_migrations"."version" FROM "schema_migrations" ORDER BY "schema_migrations"."version" ASC[0m
Processing by HomesController#index as HTML
  Rendering layout layouts/application.html.erb
  Rendering homes/index.html.erb within layouts/application
  Rendered homes/index.html.erb within layouts/application (Duration: 1.3ms | Allocations: 359)
[Webpacker] Everything's up-to-date. Nothing to do
  Rendered layout layouts/application.html.erb (Duration: 26.8ms | Allocations: 6120)
Completed 200 OK in 49ms (Views: 34.5ms | ActiveRecord: 0.0ms | Allocations: 9894)


Started GET "/admins/sign_up" for ::1 at 2021-07-26 17:18:55 +0530
Processing by Devise::RegistrationsController#new as HTML
  Rendering layout layouts/application.html.erb
  Rendering /home/nitesh/.rvm/gems/ruby-3.0.1/gems/devise-4.8.0/app/views/devise/registrations/new.html.erb within layouts/application
  Rendered /home/nitesh/.rvm/gems/ruby-3.0.1/gems/devise-4.8.0/app/views/devise/shared/_error_messages.html.erb (Duration: 1.1ms | Allocations: 274)
  Rendered /home/nitesh/.rvm/gems/ruby-3.0.1/gems/devise-4.8.0/app/views/devise/shared/_links.html.erb (Duration: 2.8ms | Allocations: 607)
  Rendered /home/nitesh/.rvm/gems/ruby-3.0.1/gems/devise-4.8.0/app/views/devise/registrations/new.html.erb within layouts/application (Duration: 50.1ms | Allocations: 9116)
[Webpacker] Everything's up-to-date. Nothing to do
  Rendered layout layouts/application.html.erb (Duration: 60.8ms | Allocations: 12185)
Completed 200 OK in 133ms (Views: 70.6ms | ActiveRecord: 2.0ms | Allocations: 18899)


Started GET "/admins/sign_in" for ::1 at 2021-07-26 17:19:02 +0530
Processing by Devise::SessionsController#new as HTML
  Rendering layout layouts/application.html.erb
  Rendering /home/nitesh/.rvm/gems/ruby-3.0.1/gems/devise-4.8.0/app/views/devise/sessions/new.html.erb within layouts/application
  Rendered /home/nitesh/.rvm/gems/ruby-3.0.1/gems/devise-4.8.0/app/views/devise/shared/_links.html.erb (Duration: 2.8ms | Allocations: 274)
  Rendered /home/nitesh/.rvm/gems/ruby-3.0.1/gems/devise-4.8.0/app/views/devise/sessions/new.html.erb within layouts/application (Duration: 18.4ms | Allocations: 2191)
[Webpacker] Everything's up-to-date. Nothing to do
  Rendered layout layouts/application.html.erb (Duration: 32.6ms | Allocations: 5250)
Completed 200 OK in 49ms (Views: 40.7ms | ActiveRecord: 0.0ms | Allocations: 7460)


Started GET "/admins/sign_up" for ::1 at 2021-07-26 17:19:15 +0530
Processing by Devise::RegistrationsController#new as HTML
  Rendering layout layouts/application.html.erb
  Rendering /home/nitesh/.rvm/gems/ruby-3.0.1/gems/devise-4.8.0/app/views/devise/registrations/new.html.erb within layouts/application
  Rendered /home/nitesh/.rvm/gems/ruby-3.0.1/gems/devise-4.8.0/app/views/devise/shared/_error_messages.html.erb (Duration: 0.2ms | Allocations: 47)
  Rendered /home/nitesh/.rvm/gems/ruby-3.0.1/gems/devise-4.8.0/app/views/devise/shared/_links.html.erb (Duration: 0.4ms | Allocations: 108)
  Rendered /home/nitesh/.rvm/gems/ruby-3.0.1/gems/devise-4.8.0/app/views/devise/registrations/new.html.erb within layouts/application (Duration: 11.8ms | Allocations: 1089)
[Webpacker] Everything's up-to-date. Nothing to do
  Rendered layout layouts/application.html.erb (Duration: 30.4ms | Allocations: 3981)
Completed 200 OK in 36ms (Views: 34.0ms | ActiveRecord: 0.0ms | Allocations: 4676)


Started POST "/admins" for ::1 at 2021-07-26 17:19:34 +0530
Processing by Devise::RegistrationsController#create as HTML
  Parameters: {"authenticity_token"=>"[FILTERED]", "admin"=>{"email"=>"nb9397@gmail.com", "password"=>"[FILTERED]", "password_confirmation"=>"[FILTERED]"}, "commit"=>"Sign up"}
  [1m[36mTRANSACTION (0.2ms)[0m  [1m[36mbegin transaction[0m
  [1m[36mAdmin Exists? (0.6ms)[0m  [1m[34mSELECT 1 AS one FROM "admins" WHERE "admins"."email" = ? LIMIT ?[0m  [["email", "nb9397@gmail.com"], ["LIMIT", 1]]
  [1m[36mAdmin Create (0.7ms)[0m  [1m[32mINSERT INTO "admins" ("email", "encrypted_password", "created_at", "updated_at") VALUES (?, ?, ?, ?)[0m  [["email", "nb9397@gmail.com"], ["encrypted_password", "$2a$12$RGdvlPk6TzAKajm5sowrwOpRM4wtcmBqWHfx6TFyZmctF5gRjlM9q"], ["created_at", "2021-07-26 11:49:35.103110"], ["updated_at", "2021-07-26 11:49:35.103110"]]
  [1m[36mTRANSACTION (1150.7ms)[0m  [1m[36mcommit transaction[0m
Redirected to http://localhost:3000/
Completed 302 Found in 1525ms (ActiveRecord: 1152.1ms | Allocations: 14466)


Started GET "/" for ::1 at 2021-07-26 17:19:36 +0530
Processing by HomesController#index as HTML
  Rendering layout layouts/application.html.erb
  Rendering homes/index.html.erb within layouts/application
  Rendered homes/index.html.erb within layouts/application (Duration: 0.7ms | Allocations: 41)
[Webpacker] Everything's up-to-date. Nothing to do
  Rendered layout layouts/application.html.erb (Duration: 17.6ms | Allocations: 3067)
Completed 200 OK in 21ms (Views: 20.1ms | ActiveRecord: 0.0ms | Allocations: 3606)


  [1m[35m (1.9ms)[0m  [1m[34mSELECT sqlite_version(*)[0m
  [1m[36mAdmin Load (0.5ms)[0m  [1m[34mSELECT "admins".* FROM "admins" ORDER BY "admins"."id" DESC LIMIT ?[0m  [["LIMIT", 1]]
  [1m[36mAdmin Load (0.2ms)[0m  [1m[34mSELECT "admins".* FROM "admins" ORDER BY "admins"."id" DESC LIMIT ?[0m  [["LIMIT", 1]]
Started GET "/home" for ::1 at 2021-07-26 17:22:09 +0530
  [1m[35m (1.2ms)[0m  [1m[34mSELECT sqlite_version(*)[0m
  [1m[35m (0.3ms)[0m  [1m[34mSELECT "schema_migrations"."version" FROM "schema_migrations" ORDER BY "schema_migrations"."version" ASC[0m
  
ActionController::RoutingError (No route matches [GET] "/home"):
  
Started GET "/" for ::1 at 2021-07-26 17:22:15 +0530
Processing by HomesController#index as HTML
  Rendering layout layouts/application.html.erb
  Rendering homes/index.html.erb within layouts/application
  Rendered homes/index.html.erb within layouts/application (Duration: 1.0ms | Allocations: 144)
[Webpacker] Everything's up-to-date. Nothing to do
  Rendered layout layouts/application.html.erb (Duration: 28.5ms | Allocations: 5849)
Completed 200 OK in 45ms (Views: 36.6ms | ActiveRecord: 0.0ms | Allocations: 8625)


Started GET "/" for ::1 at 2021-07-26 17:22:16 +0530
Processing by HomesController#index as HTML
  Rendering layout layouts/application.html.erb
  Rendering homes/index.html.erb within layouts/application
  Rendered homes/index.html.erb within layouts/application (Duration: 0.2ms | Allocations: 38)
[Webpacker] Everything's up-to-date. Nothing to do
  Rendered layout layouts/application.html.erb (Duration: 15.4ms | Allocations: 2918)
Completed 200 OK in 19ms (Views: 16.5ms | ActiveRecord: 0.0ms | Allocations: 3421)


Started GET "/" for ::1 at 2021-07-26 17:23:56 +0530
  [1m[35m (1.4ms)[0m  [1m[34mSELECT sqlite_version(*)[0m
  [1m[35m (0.4ms)[0m  [1m[34mSELECT "schema_migrations"."version" FROM "schema_migrations" ORDER BY "schema_migrations"."version" ASC[0m
Processing by HomesController#index as HTML
  [1m[36mAdmin Load (0.5ms)[0m  [1m[34mSELECT "admins".* FROM "admins" WHERE "admins"."id" = ? ORDER BY "admins"."id" ASC LIMIT ?[0m  [["id", 1], ["LIMIT", 1]]
  Rendering layout layouts/application.html.erb
  Rendering homes/index.html.erb within layouts/application
  Rendered homes/index.html.erb within layouts/application (Duration: 2.4ms | Allocations: 362)
[Webpacker] Everything's up-to-date. Nothing to do
  Rendered layout layouts/application.html.erb (Duration: 34.1ms | Allocations: 6121)
Completed 200 OK in 95ms (Views: 40.6ms | ActiveRecord: 2.9ms | Allocations: 17300)


Started GET "/" for ::1 at 2021-07-26 17:24:01 +0530
Processing by HomesController#index as HTML
  [1m[36mAdmin Load (0.2ms)[0m  [1m[34mSELECT "admins".* FROM "admins" WHERE "admins"."id" = ? ORDER BY "admins"."id" ASC LIMIT ?[0m  [["id", 1], ["LIMIT", 1]]
  Rendering layout layouts/application.html.erb
  Rendering homes/index.html.erb within layouts/application
  Rendered homes/index.html.erb within layouts/application (Duration: 0.3ms | Allocations: 43)
[Webpacker] Everything's up-to-date. Nothing to do
  Rendered layout layouts/application.html.erb (Duration: 53.0ms | Allocations: 3070)
Completed 200 OK in 68ms (Views: 59.3ms | ActiveRecord: 0.2ms | Allocations: 4887)


Started GET "/" for ::1 at 2021-07-26 17:24:11 +0530
Processing by HomesController#index as HTML
  [1m[36mAdmin Load (0.2ms)[0m  [1m[34mSELECT "admins".* FROM "admins" WHERE "admins"."id" = ? ORDER BY "admins"."id" ASC LIMIT ?[0m  [["id", 1], ["LIMIT", 1]]
  Rendering layout layouts/application.html.erb
  Rendering homes/index.html.erb within layouts/application
  Rendered homes/index.html.erb within layouts/application (Duration: 2.5ms | Allocations: 38)
[Webpacker] Everything's up-to-date. Nothing to do
  Rendered layout layouts/application.html.erb (Duration: 13.3ms | Allocations: 2918)
Completed 200 OK in 24ms (Views: 14.7ms | ActiveRecord: 0.2ms | Allocations: 4474)


Started GET "/" for ::1 at 2021-07-26 17:31:33 +0530
  [1m[35m (1.2ms)[0m  [1m[34mSELECT sqlite_version(*)[0m
  [1m[35m (0.4ms)[0m  [1m[34mSELECT "schema_migrations"."version" FROM "schema_migrations" ORDER BY "schema_migrations"."version" ASC[0m
Processing by HomesController#index as HTML
  [1m[36mAdmin Load (0.4ms)[0m  [1m[34mSELECT "admins".* FROM "admins" WHERE "admins"."id" = ? ORDER BY "admins"."id" ASC LIMIT ?[0m  [["id", 1], ["LIMIT", 1]]
  Rendering layout layouts/application.html.erb
  Rendering homes/index.html.erb within layouts/application
  Rendered homes/index.html.erb within layouts/application (Duration: 1.6ms | Allocations: 362)
[Webpacker] Everything's up-to-date. Nothing to do
  Rendered layout layouts/application.html.erb (Duration: 23.9ms | Allocations: 6121)
Completed 200 OK in 95ms (Views: 30.6ms | ActiveRecord: 1.8ms | Allocations: 17300)


Started GET "/" for ::1 at 2021-07-26 17:31:34 +0530
Processing by HomesController#index as HTML
  [1m[36mAdmin Load (0.3ms)[0m  [1m[34mSELECT "admins".* FROM "admins" WHERE "admins"."id" = ? ORDER BY "admins"."id" ASC LIMIT ?[0m  [["id", 1], ["LIMIT", 1]]
  Rendering layout layouts/application.html.erb
  Rendering homes/index.html.erb within layouts/application
  Rendered homes/index.html.erb within layouts/application (Duration: 0.2ms | Allocations: 41)
[Webpacker] Everything's up-to-date. Nothing to do
  Rendered layout layouts/application.html.erb (Duration: 56.3ms | Allocations: 3052)
Completed 200 OK in 72ms (Views: 57.6ms | ActiveRecord: 0.3ms | Allocations: 4862)


Started GET "/panels/index" for ::1 at 2021-07-26 17:33:31 +0530
  [1m[35m (1.1ms)[0m  [1m[34mSELECT sqlite_version(*)[0m
  [1m[35m (0.4ms)[0m  [1m[34mSELECT "schema_migrations"."version" FROM "schema_migrations" ORDER BY "schema_migrations"."version" ASC[0m
Processing by PanelsController#index as HTML
  [1m[36mAdmin Load (0.6ms)[0m  [1m[34mSELECT "admins".* FROM "admins" WHERE "admins"."id" = ? ORDER BY "admins"."id" ASC LIMIT ?[0m  [["id", 1], ["LIMIT", 1]]
  Rendering layout layouts/application.html.erb
  Rendering panels/index.html.erb within layouts/application
  Rendered panels/index.html.erb within layouts/application (Duration: 2.4ms | Allocations: 362)
[Webpacker] Everything's up-to-date. Nothing to do
  Rendered layout layouts/application.html.erb (Duration: 142.3ms | Allocations: 18075)
Completed 200 OK in 202ms (Views: 151.0ms | ActiveRecord: 2.0ms | Allocations: 29269)


Started GET "/" for ::1 at 2021-07-26 17:36:51 +0530
  [1m[35m (1.3ms)[0m  [1m[34mSELECT sqlite_version(*)[0m
  [1m[35m (0.3ms)[0m  [1m[34mSELECT "schema_migrations"."version" FROM "schema_migrations" ORDER BY "schema_migrations"."version" ASC[0m
Processing by HomesController#index as HTML
  [1m[36mAdmin Load (0.3ms)[0m  [1m[34mSELECT "admins".* FROM "admins" WHERE "admins"."id" = ? ORDER BY "admins"."id" ASC LIMIT ?[0m  [["id", 1], ["LIMIT", 1]]
  Rendering layout layouts/application.html.erb
  Rendering homes/index.html.erb within layouts/application
  Rendered homes/index.html.erb within layouts/application (Duration: 1.2ms | Allocations: 362)
[Webpacker] Everything's up-to-date. Nothing to do
  Rendered layout layouts/application.html.erb (Duration: 22.4ms | Allocations: 6484)
Completed 200 OK in 68ms (Views: 29.0ms | ActiveRecord: 1.4ms | Allocations: 17664)


Started GET "/" for ::1 at 2021-07-26 17:36:51 +0530
Processing by HomesController#index as HTML
  [1m[36mAdmin Load (2.1ms)[0m  [1m[34mSELECT "admins".* FROM "admins" WHERE "admins"."id" = ? ORDER BY "admins"."id" ASC LIMIT ?[0m  [["id", 1], ["LIMIT", 1]]
  Rendering layout layouts/application.html.erb
  Rendering homes/index.html.erb within layouts/application
  Rendered homes/index.html.erb within layouts/application (Duration: 0.1ms | Allocations: 41)
[Webpacker] Everything's up-to-date. Nothing to do
  Rendered layout layouts/application.html.erb (Duration: 14.9ms | Allocations: 3107)
Completed 200 OK in 68ms (Views: 51.3ms | ActiveRecord: 2.1ms | Allocations: 4920)


Started GET "/panels/index" for ::1 at 2021-07-26 17:37:07 +0530
Processing by PanelsController#index as HTML
  [1m[36mAdmin Load (0.2ms)[0m  [1m[34mSELECT "admins".* FROM "admins" WHERE "admins"."id" = ? ORDER BY "admins"."id" ASC LIMIT ?[0m  [["id", 1], ["LIMIT", 1]]
  Rendering layout layouts/application.html.erb
  Rendering panels/index.html.erb within layouts/application
  Rendered panels/index.html.erb within layouts/application (Duration: 1.1ms | Allocations: 146)
[Webpacker] Everything's up-to-date. Nothing to do
  Rendered layout layouts/application.html.erb (Duration: 16.3ms | Allocations: 3339)
Completed 200 OK in 35ms (Views: 20.6ms | ActiveRecord: 0.2ms | Allocations: 5902)


Started GET "/panels/index" for ::1 at 2021-07-26 17:37:18 +0530
Processing by PanelsController#index as HTML
  [1m[36mAdmin Load (0.2ms)[0m  [1m[34mSELECT "admins".* FROM "admins" WHERE "admins"."id" = ? ORDER BY "admins"."id" ASC LIMIT ?[0m  [["id", 1], ["LIMIT", 1]]
  Rendering layout layouts/application.html.erb
  Rendering panels/index.html.erb within layouts/application
  Rendered panels/index.html.erb within layouts/application (Duration: 0.2ms | Allocations: 38)
[Webpacker] Everything's up-to-date. Nothing to do
  Rendered layout layouts/application.html.erb (Duration: 16.2ms | Allocations: 2971)
Completed 200 OK in 31ms (Views: 20.0ms | ActiveRecord: 0.2ms | Allocations: 4701)


Started GET "/panels/index" for ::1 at 2021-07-26 17:40:48 +0530
  [1m[35m (3.4ms)[0m  [1m[34mSELECT sqlite_version(*)[0m
  [1m[35m (2.7ms)[0m  [1m[34mSELECT "schema_migrations"."version" FROM "schema_migrations" ORDER BY "schema_migrations"."version" ASC[0m
Processing by PanelsController#index as HTML
  [1m[36mAdmin Load (2.8ms)[0m  [1m[34mSELECT "admins".* FROM "admins" WHERE "admins"."id" = ? ORDER BY "admins"."id" ASC LIMIT ?[0m  [["id", 1], ["LIMIT", 1]]
  Rendering layout layouts/application.html.erb
  Rendering panels/index.html.erb within layouts/application
  Rendered panels/index.html.erb within layouts/application (Duration: 1.9ms | Allocations: 362)
[Webpacker] Everything's up-to-date. Nothing to do
  Rendered layout layouts/application.html.erb (Duration: 32.9ms | Allocations: 6487)
Completed 200 OK in 101ms (Views: 41.3ms | ActiveRecord: 4.7ms | Allocations: 17678)


Started GET "/admins" for ::1 at 2021-07-26 17:41:04 +0530
  
ActionController::RoutingError (No route matches [GET] "/admins"):
  
Started GET "/admins/sign_up" for ::1 at 2021-07-26 17:41:14 +0530
Processing by Devise::RegistrationsController#new as HTML
  [1m[36mAdmin Load (0.3ms)[0m  [1m[34mSELECT "admins".* FROM "admins" WHERE "admins"."id" = ? ORDER BY "admins"."id" ASC LIMIT ?[0m  [["id", 1], ["LIMIT", 1]]
Redirected to http://localhost:3000/
Filter chain halted as :require_no_authentication rendered or redirected
Completed 302 Found in 24ms (ActiveRecord: 0.3ms | Allocations: 3445)


Started GET "/" for ::1 at 2021-07-26 17:41:14 +0530
Processing by HomesController#index as HTML
  [1m[36mAdmin Load (0.2ms)[0m  [1m[34mSELECT "admins".* FROM "admins" WHERE "admins"."id" = ? ORDER BY "admins"."id" ASC LIMIT ?[0m  [["id", 1], ["LIMIT", 1]]
  Rendering layout layouts/application.html.erb
  Rendering homes/index.html.erb within layouts/application
  Rendered homes/index.html.erb within layouts/application (Duration: 0.8ms | Allocations: 143)
[Webpacker] Everything's up-to-date. Nothing to do
  Rendered layout layouts/application.html.erb (Duration: 13.1ms | Allocations: 3341)
Completed 200 OK in 34ms (Views: 20.4ms | ActiveRecord: 0.2ms | Allocations: 5890)


Started GET "/" for ::1 at 2021-07-26 17:41:52 +0530
Processing by HomesController#index as HTML
Completed 401 Unauthorized in 4ms (ActiveRecord: 0.0ms | Allocations: 312)


Started GET "/admins/sign_in" for ::1 at 2021-07-26 17:41:52 +0530
Processing by Devise::SessionsController#new as HTML
  Rendering layout layouts/application.html.erb
  Rendering /home/nitesh/.rvm/gems/ruby-3.0.1/gems/devise-4.8.0/app/views/devise/sessions/new.html.erb within layouts/application
  Rendered /home/nitesh/.rvm/gems/ruby-3.0.1/gems/devise-4.8.0/app/views/devise/shared/_links.html.erb (Duration: 4.0ms | Allocations: 685)
  Rendered /home/nitesh/.rvm/gems/ruby-3.0.1/gems/devise-4.8.0/app/views/devise/sessions/new.html.erb within layouts/application (Duration: 19.9ms | Allocations: 3416)
[Webpacker] Everything's up-to-date. Nothing to do
  Rendered layout layouts/application.html.erb (Duration: 29.2ms | Allocations: 6535)
Completed 200 OK in 40ms (Views: 35.4ms | ActiveRecord: 0.0ms | Allocations: 9026)


Started GET "/panels/index" for ::1 at 2021-07-26 17:42:19 +0530
Processing by PanelsController#index as HTML
Completed 401 Unauthorized in 1ms (ActiveRecord: 0.0ms | Allocations: 300)


Started GET "/admins/sign_in" for ::1 at 2021-07-26 17:42:19 +0530
Processing by Devise::SessionsController#new as HTML
  Rendering layout layouts/application.html.erb
  Rendering /home/nitesh/.rvm/gems/ruby-3.0.1/gems/devise-4.8.0/app/views/devise/sessions/new.html.erb within layouts/application
  Rendered /home/nitesh/.rvm/gems/ruby-3.0.1/gems/devise-4.8.0/app/views/devise/shared/_links.html.erb (Duration: 0.6ms | Allocations: 156)
  Rendered /home/nitesh/.rvm/gems/ruby-3.0.1/gems/devise-4.8.0/app/views/devise/sessions/new.html.erb within layouts/application (Duration: 5.5ms | Allocations: 1033)
[Webpacker] Everything's up-to-date. Nothing to do
  Rendered layout layouts/application.html.erb (Duration: 19.0ms | Allocations: 3976)
Completed 200 OK in 25ms (Views: 22.7ms | ActiveRecord: 0.0ms | Allocations: 4725)


Started GET "/" for ::1 at 2021-07-26 17:44:08 +0530
  [1m[35m (1.1ms)[0m  [1m[34mSELECT sqlite_version(*)[0m
  [1m[35m (0.6ms)[0m  [1m[34mSELECT "schema_migrations"."version" FROM "schema_migrations" ORDER BY "schema_migrations"."version" ASC[0m
Processing by HomesController#index as HTML
  [1m[36mAdmin Load (0.6ms)[0m  [1m[34mSELECT "admins".* FROM "admins" WHERE "admins"."id" = ? ORDER BY "admins"."id" ASC LIMIT ?[0m  [["id", 1], ["LIMIT", 1]]
  Rendering layout layouts/application.html.erb
  Rendering homes/index.html.erb within layouts/application
  Rendered homes/index.html.erb within layouts/application (Duration: 1.2ms | Allocations: 362)
[Webpacker] Everything's up-to-date. Nothing to do
  Rendered layout layouts/application.html.erb (Duration: 42.2ms | Allocations: 6629)
Completed 200 OK in 118ms (Views: 49.2ms | ActiveRecord: 1.7ms | Allocations: 17820)


Started DELETE "/admins/sign_out" for ::1 at 2021-07-26 17:44:11 +0530
Processing by Devise::SessionsController#destroy as HTML
  Parameters: {"authenticity_token"=>"[FILTERED]"}
  [1m[36mAdmin Load (0.2ms)[0m  [1m[34mSELECT "admins".* FROM "admins" WHERE "admins"."id" = ? ORDER BY "admins"."id" ASC LIMIT ?[0m  [["id", 1], ["LIMIT", 1]]
Redirected to http://localhost:3000/
Completed 302 Found in 436ms (ActiveRecord: 0.2ms | Allocations: 4930)


Started GET "/" for ::1 at 2021-07-26 17:44:11 +0530
Processing by HomesController#index as HTML
Completed 401 Unauthorized in 7ms (ActiveRecord: 0.0ms | Allocations: 370)


Started GET "/admins/sign_in" for ::1 at 2021-07-26 17:44:11 +0530
Processing by Devise::SessionsController#new as HTML
  Rendering layout layouts/application.html.erb
  Rendering /home/nitesh/.rvm/gems/ruby-3.0.1/gems/devise-4.8.0/app/views/devise/sessions/new.html.erb within layouts/application
  Rendered /home/nitesh/.rvm/gems/ruby-3.0.1/gems/devise-4.8.0/app/views/devise/shared/_links.html.erb (Duration: 3.9ms | Allocations: 688)
  Rendered /home/nitesh/.rvm/gems/ruby-3.0.1/gems/devise-4.8.0/app/views/devise/sessions/new.html.erb within layouts/application (Duration: 20.2ms | Allocations: 3574)
[Webpacker] Everything's up-to-date. Nothing to do
  Rendered layout layouts/application.html.erb (Duration: 35.2ms | Allocations: 6789)
Completed 200 OK in 48ms (Views: 43.1ms | ActiveRecord: 0.0ms | Allocations: 9112)


Started GET "/admins/sign_in" for ::1 at 2021-07-26 17:48:41 +0530
  [1m[35m (1.6ms)[0m  [1m[34mSELECT sqlite_version(*)[0m
  [1m[35m (0.4ms)[0m  [1m[34mSELECT "schema_migrations"."version" FROM "schema_migrations" ORDER BY "schema_migrations"."version" ASC[0m
Processing by Devise::SessionsController#new as HTML
  Rendering layout layouts/application.html.erb
  Rendering /home/nitesh/.rvm/gems/ruby-3.0.1/gems/devise-4.8.0/app/views/devise/sessions/new.html.erb within layouts/application
  Rendered /home/nitesh/.rvm/gems/ruby-3.0.1/gems/devise-4.8.0/app/views/devise/shared/_links.html.erb (Duration: 3.8ms | Allocations: 717)
  Rendered /home/nitesh/.rvm/gems/ruby-3.0.1/gems/devise-4.8.0/app/views/devise/sessions/new.html.erb within layouts/application (Duration: 29.0ms | Allocations: 6385)
[Webpacker] Everything's up-to-date. Nothing to do
  Rendered layout layouts/application.html.erb (Duration: 50.7ms | Allocations: 12435)
Completed 200 OK in 132ms (Views: 95.2ms | ActiveRecord: 1.7ms | Allocations: 21913)


Started GET "/admins/sign_in" for ::1 at 2021-07-26 17:48:45 +0530
Processing by Devise::SessionsController#new as HTML
  Rendering layout layouts/application.html.erb
  Rendering /home/nitesh/.rvm/gems/ruby-3.0.1/gems/devise-4.8.0/app/views/devise/sessions/new.html.erb within layouts/application
  Rendered /home/nitesh/.rvm/gems/ruby-3.0.1/gems/devise-4.8.0/app/views/devise/shared/_links.html.erb (Duration: 0.7ms | Allocations: 161)
  Rendered /home/nitesh/.rvm/gems/ruby-3.0.1/gems/devise-4.8.0/app/views/devise/sessions/new.html.erb within layouts/application (Duration: 6.8ms | Allocations: 1133)
[Webpacker] Everything's up-to-date. Nothing to do
  Rendered layout layouts/application.html.erb (Duration: 19.7ms | Allocations: 4214)
Completed 200 OK in 23ms (Views: 20.9ms | ActiveRecord: 0.0ms | Allocations: 5056)


Started GET "/admins/sign_in" for ::1 at 2021-07-26 18:11:10 +0530
  [1m[35m (1.5ms)[0m  [1m[34mSELECT sqlite_version(*)[0m
  [1m[35m (0.4ms)[0m  [1m[34mSELECT "schema_migrations"."version" FROM "schema_migrations" ORDER BY "schema_migrations"."version" ASC[0m
Processing by Devise::SessionsController#new as HTML
  Rendering layout layouts/application.html.erb
  Rendering /home/nitesh/.rvm/gems/ruby-3.0.1/gems/devise-4.8.0/app/views/devise/sessions/new.html.erb within layouts/application
  Rendered /home/nitesh/.rvm/gems/ruby-3.0.1/gems/devise-4.8.0/app/views/devise/shared/_links.html.erb (Duration: 7.9ms | Allocations: 716)
  Rendered /home/nitesh/.rvm/gems/ruby-3.0.1/gems/devise-4.8.0/app/views/devise/sessions/new.html.erb within layouts/application (Duration: 60.4ms | Allocations: 5784)
[Webpacker] Everything's up-to-date. Nothing to do
  Rendered layout layouts/application.html.erb (Duration: 194.4ms | Allocations: 16057)
Completed 500 Internal Server Error in 262ms (ActiveRecord: 2.1ms | Allocations: 25483)


  
ActionView::Template::Error (undefined method `user_signed_in?' for #<ActionView::Base:0x00000000008840>):
    13:   <body>
    14:     <p class="notice"><%= notice %></p>
    15:     <p class="alert"><%= alert %></p>
    16:     <% if user_signed_in? %>
    17:       <%= link_to "Sign out", destroy_admin_session_path, :method => :delete, class: 'nav-link' %>
    18:     <% end %>
    19:     <%= yield %>
  
app/views/layouts/application.html.erb:16
Started GET "/admins/sign_in" for ::1 at 2021-07-26 18:12:24 +0530
  [1m[35m (1.1ms)[0m  [1m[34mSELECT sqlite_version(*)[0m
  [1m[35m (1.0ms)[0m  [1m[34mSELECT "schema_migrations"."version" FROM "schema_migrations" ORDER BY "schema_migrations"."version" ASC[0m
Processing by Devise::SessionsController#new as HTML
  Rendering layout layouts/application.html.erb
  Rendering /home/nitesh/.rvm/gems/ruby-3.0.1/gems/devise-4.8.0/app/views/devise/sessions/new.html.erb within layouts/application
  Rendered /home/nitesh/.rvm/gems/ruby-3.0.1/gems/devise-4.8.0/app/views/devise/shared/_links.html.erb (Duration: 3.6ms | Allocations: 716)
  Rendered /home/nitesh/.rvm/gems/ruby-3.0.1/gems/devise-4.8.0/app/views/devise/sessions/new.html.erb within layouts/application (Duration: 26.2ms | Allocations: 5784)
[Webpacker] Everything's up-to-date. Nothing to do
  Rendered layout layouts/application.html.erb (Duration: 50.2ms | Allocations: 11899)
Completed 200 OK in 93ms (Views: 62.8ms | ActiveRecord: 1.1ms | Allocations: 21376)


Started POST "/admins/sign_in" for ::1 at 2021-07-26 18:12:41 +0530
Processing by Devise::SessionsController#create as HTML
  Parameters: {"authenticity_token"=>"[FILTERED]", "admin"=>{"email"=>"nb9397@gmail.com", "password"=>"[FILTERED]", "remember_me"=>"0"}, "commit"=>"Log in"}
  [1m[36mAdmin Load (0.4ms)[0m  [1m[34mSELECT "admins".* FROM "admins" WHERE "admins"."email" = ? ORDER BY "admins"."id" ASC LIMIT ?[0m  [["email", "nb9397@gmail.com"], ["LIMIT", 1]]
Completed 401 Unauthorized in 568ms (ActiveRecord: 0.4ms | Allocations: 3572)


Processing by Devise::SessionsController#new as HTML
  Parameters: {"authenticity_token"=>"[FILTERED]", "admin"=>{"email"=>"nb9397@gmail.com", "password"=>"[FILTERED]", "remember_me"=>"0"}, "commit"=>"Log in"}
  Rendering layout layouts/application.html.erb
  Rendering /home/nitesh/.rvm/gems/ruby-3.0.1/gems/devise-4.8.0/app/views/devise/sessions/new.html.erb within layouts/application
  Rendered /home/nitesh/.rvm/gems/ruby-3.0.1/gems/devise-4.8.0/app/views/devise/shared/_links.html.erb (Duration: 2.0ms | Allocations: 159)
  Rendered /home/nitesh/.rvm/gems/ruby-3.0.1/gems/devise-4.8.0/app/views/devise/sessions/new.html.erb within layouts/application (Duration: 14.4ms | Allocations: 1097)
[Webpacker] Everything's up-to-date. Nothing to do
  Rendered layout layouts/application.html.erb (Duration: 46.4ms | Allocations: 4192)
Completed 200 OK in 419ms (Views: 50.5ms | ActiveRecord: 0.0ms | Allocations: 4980)


Started POST "/admins/sign_in" for ::1 at 2021-07-26 18:12:49 +0530
Processing by Devise::SessionsController#create as HTML
  Parameters: {"authenticity_token"=>"[FILTERED]", "admin"=>{"email"=>"nb9397@gmail.com", "password"=>"[FILTERED]", "remember_me"=>"0"}, "commit"=>"Log in"}
  [1m[36mAdmin Load (2.7ms)[0m  [1m[34mSELECT "admins".* FROM "admins" WHERE "admins"."email" = ? ORDER BY "admins"."id" ASC LIMIT ?[0m  [["email", "nb9397@gmail.com"], ["LIMIT", 1]]
Redirected to http://localhost:3000/
Completed 302 Found in 376ms (ActiveRecord: 2.7ms | Allocations: 5815)


Started GET "/" for ::1 at 2021-07-26 18:12:50 +0530
Processing by HomesController#index as HTML
  [1m[36mAdmin Load (0.3ms)[0m  [1m[34mSELECT "admins".* FROM "admins" WHERE "admins"."id" = ? ORDER BY "admins"."id" ASC LIMIT ?[0m  [["id", 1], ["LIMIT", 1]]
  Rendering layout layouts/application.html.erb
  Rendering homes/index.html.erb within layouts/application
  Rendered homes/index.html.erb within layouts/application (Duration: 2.4ms | Allocations: 145)
[Webpacker] Everything's up-to-date. Nothing to do
  Rendered layout layouts/application.html.erb (Duration: 24.6ms | Allocations: 3428)
Completed 200 OK in 49ms (Views: 40.7ms | ActiveRecord: 0.3ms | Allocations: 6101)


Started DELETE "/admins/sign_out" for ::1 at 2021-07-26 18:12:52 +0530
Processing by Devise::SessionsController#destroy as HTML
  Parameters: {"authenticity_token"=>"[FILTERED]"}
  [1m[36mAdmin Load (0.2ms)[0m  [1m[34mSELECT "admins".* FROM "admins" WHERE "admins"."id" = ? ORDER BY "admins"."id" ASC LIMIT ?[0m  [["id", 1], ["LIMIT", 1]]
Redirected to http://localhost:3000/
Completed 302 Found in 17ms (ActiveRecord: 0.2ms | Allocations: 2925)


Started GET "/" for ::1 at 2021-07-26 18:12:52 +0530
Processing by HomesController#index as HTML
Completed 401 Unauthorized in 1ms (ActiveRecord: 0.0ms | Allocations: 297)


Started GET "/admins/sign_in" for ::1 at 2021-07-26 18:12:52 +0530
Processing by Devise::SessionsController#new as HTML
  Rendering layout layouts/application.html.erb
  Rendering /home/nitesh/.rvm/gems/ruby-3.0.1/gems/devise-4.8.0/app/views/devise/sessions/new.html.erb within layouts/application
  Rendered /home/nitesh/.rvm/gems/ruby-3.0.1/gems/devise-4.8.0/app/views/devise/shared/_links.html.erb (Duration: 0.4ms | Allocations: 159)
  Rendered /home/nitesh/.rvm/gems/ruby-3.0.1/gems/devise-4.8.0/app/views/devise/sessions/new.html.erb within layouts/application (Duration: 3.8ms | Allocations: 1086)
[Webpacker] Everything's up-to-date. Nothing to do
  Rendered layout layouts/application.html.erb (Duration: 17.4ms | Allocations: 4180)
Completed 200 OK in 22ms (Views: 19.9ms | ActiveRecord: 0.0ms | Allocations: 4923)


